#
# There is insufficient memory for the Java Runtime Environment to continue.
# Native memory allocation (malloc) failed to allocate 653136 bytes for Chunk::new
# Possible reasons:
#   The system is out of physical RAM or swap space
#   In 32 bit mode, the process size limit was hit
# Possible solutions:
#   Reduce memory load on the system
#   Increase physical memory or swap space
#   Check if swap backing store is full
#   Use 64 bit Java on a 64 bit OS
#   Decrease Java heap size (-Xmx/-Xms)
#   Decrease number of Java threads
#   Decrease Java thread stack sizes (-Xss)
#   Set larger code cache with -XX:ReservedCodeCacheSize=
# This output file may be truncated or incomplete.
#
#  Out of Memory Error (allocation.cpp:390), pid=14380, tid=0x0000000000003928
#
# JRE version: Java(TM) SE Runtime Environment (8.0_161-b12) (build 1.8.0_161-b12)
# Java VM: Java HotSpot(TM) 64-Bit Server VM (25.161-b12 mixed mode windows-amd64 compressed oops)
# Failed to write core dump. Minidumps are not enabled by default on client versions of Windows
#

---------------  T H R E A D  ---------------

Current thread (0x0000000056530000):  JavaThread "C2 CompilerThread1" daemon [_thread_in_native, id=14632, stack(0x00000000569c0000,0x0000000056ac0000)]

Stack: [0x00000000569c0000,0x0000000056ac0000]
[error occurred during error reporting (printing stack bounds), id 0xc0000005]

Native frames: (J=compiled Java code, j=interpreted, Vv=VM code, C=native code)


Current CompileTask:
C2:   4013 1385   !   4       com.android.dx.cf.code.BytecodeArray::parseInstruction (2796 bytes)


---------------  P R O C E S S  ---------------

Java Threads: ( => current thread )
  0x0000000056859000 JavaThread "pool-2-thread-4" [_thread_blocked, id=14812, stack(0x0000000058300000,0x0000000058400000)]
  0x0000000056856800 JavaThread "pool-2-thread-3" [_thread_blocked, id=12588, stack(0x0000000058140000,0x0000000058240000)]
  0x0000000056855800 JavaThread "pool-2-thread-2" [_thread_blocked, id=14444, stack(0x0000000058010000,0x0000000058110000)]
  0x0000000056854000 JavaThread "pool-3-thread-1" [_thread_blocked, id=13340, stack(0x0000000057f00000,0x0000000058000000)]
  0x0000000056874000 JavaThread "pool-2-thread-1" [_thread_blocked, id=15164, stack(0x0000000056fd0000,0x00000000570d0000)]
  0x00000000565c0800 JavaThread "Service Thread" daemon [_thread_blocked, id=12668, stack(0x00000000573b0000,0x00000000574b0000)]
  0x0000000056579800 JavaThread "C1 CompilerThread2" daemon [_thread_blocked, id=13044, stack(0x0000000057130000,0x0000000057230000)]
=>0x0000000056530000 JavaThread "C2 CompilerThread1" daemon [_thread_in_native, id=14632, stack(0x00000000569c0000,0x0000000056ac0000)]
  0x00000000551ef800 JavaThread "C2 CompilerThread0" daemon [_thread_in_native, id=13444, stack(0x0000000056ea0000,0x0000000056fa0000)]
  0x00000000551ee000 JavaThread "Attach Listener" daemon [_thread_blocked, id=13396, stack(0x0000000056c90000,0x0000000056d90000)]
  0x00000000551e0000 JavaThread "Signal Dispatcher" daemon [_thread_blocked, id=7816, stack(0x0000000056ae0000,0x0000000056be0000)]
  0x00000000551cb000 JavaThread "Finalizer" daemon [_thread_blocked, id=13784, stack(0x0000000056410000,0x0000000056510000)]
  0x0000000055184000 JavaThread "Reference Handler" daemon [_thread_blocked, id=14828, stack(0x0000000056160000,0x0000000056260000)]
  0x00000000024c8000 JavaThread "main" [_thread_blocked, id=15316, stack(0x00000000028f0000,0x00000000029f0000)]

Other Threads:
  0x000000005517c800 VMThread [stack: 0x0000000056270000,0x0000000056370000] [id=14600]
  0x00000000565c2000 WatcherThread [stack: 0x0000000057530000,0x0000000057630000] [id=9824]

VM state:at safepoint (normal execution)

VM Mutex/Monitor currently owned by a thread:  ([mutex/lock_event])
[0x000000000021d9e0] Threads_lock - owner thread: 0x000000005517c800
[0x000000000021dee0] Heap_lock - owner thread: 0x0000000056874000

Heap:
 PSYoungGen      total 38400K, used 38399K [0x00000000eab00000, 0x00000000ef600000, 0x0000000100000000)
  eden space 33280K, 100% used [0x00000000eab00000,0x00000000ecb80000,0x00000000ecb80000)
  from space 5120K, 99% used [0x00000000ecb80000,0x00000000ed07fd80,0x00000000ed080000)
  to   space 5120K, 99% used [0x00000000ef100000,0x00000000ef5fd7c0,0x00000000ef600000)
 ParOldGen       total 87552K, used 2707K [0x00000000c0000000, 0x00000000c5580000, 0x00000000eab00000)
  object space 87552K, 3% used [0x00000000c0000000,0x00000000c02b8e90,0x00000000c5580000)
 Metaspace       used 6402K, capacity 7128K, committed 7424K, reserved 1056768K
  class space    used 630K, capacity 656K, committed 768K, reserved 1048576K

Card table byte_map: [0x0000000011db0000,0x0000000011fc0000] byte_map_base: 0x00000000117b0000

Marking Bits: (ParMarkBitMap*) 0x0000000070eff860
 Begin Bits: [0x00000000125f0000, 0x00000000135f0000)
 End Bits:   [0x00000000135f0000, 0x00000000145f0000)

Polling page: 0x0000000000350000

CodeCache: size=245760Kb used=5917Kb max_used=5917Kb free=239842Kb
 bounds [0x00000000029f0000, 0x0000000002fc0000, 0x00000000119f0000]
 total_blobs=1710 nmethods=1436 adapters=186
 compilation: enabled

Compilation events (10 events):
Event: 3.975 Thread 0x0000000056579800 nmethod 1412 0x0000000002fa7d50 code [0x0000000002fa7ea0, 0x0000000002fa7fb0]
Event: 3.975 Thread 0x0000000056579800 1413       3       com.android.dx.ssa.SCCP::replaceBranches (142 bytes)
Event: 3.977 Thread 0x0000000056579800 nmethod 1413 0x0000000002fa8010 code [0x0000000002fa8260, 0x0000000002fa9188]
Event: 3.977 Thread 0x0000000056579800 1414       3       sun.util.calendar.Gregorian$Date::getNormalizedYear (5 bytes)
Event: 3.977 Thread 0x0000000056579800 nmethod 1414 0x0000000002fa9850 code [0x0000000002fa99a0, 0x0000000002fa9b90]
Event: 3.977 Thread 0x0000000056579800 1415       3       sun.util.calendar.BaseCalendar::isLeapYear (5 bytes)
Event: 3.977 Thread 0x0000000056579800 nmethod 1415 0x0000000002fa9c10 code [0x0000000002fa9d80, 0x0000000002faa070]
Event: 3.978 Thread 0x0000000056579800 1417       3       java.util.concurrent.locks.ReentrantLock$Sync::tryRelease (45 bytes)
Event: 3.978 Thread 0x0000000056579800 nmethod 1417 0x0000000002faa510 code [0x0000000002faa6a0, 0x0000000002faac28]
Event: 3.978 Thread 0x0000000056579800 1418       3       com.android.dx.rop.cst.StdConstantPool::get0Ok (12 bytes)

GC Heap History (2 events):
Event: 2.852 GC heap before
{Heap before GC invocations=1 (full 0):
 PSYoungGen      total 38400K, used 33280K [0x00000000eab00000, 0x00000000ed580000, 0x0000000100000000)
  eden space 33280K, 100% used [0x00000000eab00000,0x00000000ecb80000,0x00000000ecb80000)
  from space 5120K, 0% used [0x00000000ed080000,0x00000000ed080000,0x00000000ed580000)
  to   space 5120K, 0% used [0x00000000ecb80000,0x00000000ecb80000,0x00000000ed080000)
 ParOldGen       total 87552K, used 0K [0x00000000c0000000, 0x00000000c5580000, 0x00000000eab00000)
  object space 87552K, 0% used [0x00000000c0000000,0x00000000c0000000,0x00000000c5580000)
 Metaspace       used 6204K, capacity 6936K, committed 7168K, reserved 1056768K
  class space    used 629K, capacity 656K, committed 768K, reserved 1048576K
Event: 3.059 GC heap after
Heap after GC invocations=1 (full 0):
 PSYoungGen      total 38400K, used 5119K [0x00000000eab00000, 0x00000000ef600000, 0x0000000100000000)
  eden space 33280K, 0% used [0x00000000eab00000,0x00000000eab00000,0x00000000ecb80000)
  from space 5120K, 99% used [0x00000000ecb80000,0x00000000ed07fd80,0x00000000ed080000)
  to   space 5120K, 0% used [0x00000000ef100000,0x00000000ef100000,0x00000000ef600000)
 ParOldGen       total 87552K, used 1411K [0x00000000c0000000, 0x00000000c5580000, 0x00000000eab00000)
  object space 87552K, 1% used [0x00000000c0000000,0x00000000c0160e90,0x00000000c5580000)
 Metaspace       used 6204K, capacity 6936K, committed 7168K, reserved 1056768K
  class space    used 629K, capacity 656K, committed 768K, reserved 1048576K
}

Deoptimization events (4 events):
Event: 2.036 Thread 0x0000000056874000 Uncommon trap: reason=unstable_if action=reinterpret pc=0x0000000002c1f640 method=java.util.HashMap.getNode(ILjava/lang/Object;)Ljava/util/HashMap$Node; @ 62
Event: 2.399 Thread 0x0000000056859000 Uncommon trap: reason=null_check action=make_not_entrant pc=0x0000000002cc1ac8 method=com.android.dx.ssa.SsaRenamer.getLocalForNewReg(I)Lcom/android/dx/rop/code/LocalItem; @ 19
Event: 3.210 Thread 0x0000000056874000 Uncommon trap: reason=unstable_if action=reinterpret pc=0x0000000002d186f0 method=com.android.dx.rop.code.RegisterSpec.equals(ILcom/android/dx/rop/type/TypeBearer;Lcom/android/dx/rop/code/LocalItem;)Z @ 42
Event: 3.730 Thread 0x0000000056859000 Uncommon trap: reason=unstable_if action=reinterpret pc=0x0000000002cb6244 method=com.android.dx.rop.cst.Constant.compareTo(Lcom/android/dx/rop/cst/Constant;)I @ 12

Classes redefined (0 events):
No events

Internal exceptions (3 events):
Event: 0.200 Thread 0x00000000024c8000 Exception <a 'java/lang/NoSuchMethodError': Method sun.misc.Unsafe.defineClass(Ljava/lang/String;[BII)Ljava/lang/Class; name or signature does not match> (0x00000000eab07ca0) thrown at [C:\re\workspace\8-2-build-windows-amd64-cygwin\jdk8u161\10277\hotspot
Event: 0.200 Thread 0x00000000024c8000 Exception <a 'java/lang/NoSuchMethodError': Method sun.misc.Unsafe.prefetchRead(Ljava/lang/Object;J)V name or signature does not match> (0x00000000eab07f88) thrown at [C:\re\workspace\8-2-build-windows-amd64-cygwin\jdk8u161\10277\hotspot\src\share\vm\prim
Event: 2.399 Thread 0x0000000056859000 Implicit null exception at 0x0000000002cbeac8 to 0x0000000002cc1a85

Events (10 events):
Event: 3.763 Thread 0x0000000056859000 DEOPT PACKING pc=0x0000000002d8123a sp=0x00000000583fe920
Event: 3.763 Thread 0x0000000056859000 DEOPT UNPACKING pc=0x0000000002a37890 sp=0x00000000583fe708 mode 0
Event: 3.770 Thread 0x0000000056859000 DEOPT PACKING pc=0x0000000002cbbb2d sp=0x00000000583fe740
Event: 3.770 Thread 0x0000000056859000 DEOPT UNPACKING pc=0x0000000002a37890 sp=0x00000000583fe4a8 mode 0
Event: 3.771 Thread 0x0000000056859000 DEOPT PACKING pc=0x0000000002cb4d2f sp=0x00000000583fea70
Event: 3.772 Thread 0x0000000056859000 DEOPT UNPACKING pc=0x0000000002a37890 sp=0x00000000583fe7d0 mode 0
Event: 3.777 Thread 0x0000000056859000 DEOPT PACKING pc=0x0000000002cb567a sp=0x00000000583fe6d0
Event: 3.777 Thread 0x0000000056859000 DEOPT UNPACKING pc=0x0000000002a37890 sp=0x00000000583fe418 mode 0
Event: 3.792 Thread 0x0000000056859000 DEOPT PACKING pc=0x0000000002cbbb2d sp=0x00000000583fe740
Event: 3.792 Thread 0x0000000056859000 DEOPT UNPACKING pc=0x0000000002a37890 sp=0x00000000583fe4a8 mode 0


Dynamic libraries:
0x000000013f6a0000 - 0x000000013f6d7000 	C:\Program Files\Java\jdk1.8.0_161\bin\java.exe
0x0000000077080000 - 0x000000007722a000 	C:\Windows\SYSTEM32\ntdll.dll
0x0000000076e60000 - 0x0000000076f7f000 	C:\Windows\system32\kernel32.dll
0x000007fefcf40000 - 0x000007fefcfaa000 	C:\Windows\system32\KERNELBASE.dll
0x000007fefed50000 - 0x000007fefee2b000 	C:\Windows\system32\ADVAPI32.dll
0x000007fefdcc0000 - 0x000007fefdd5f000 	C:\Windows\system32\msvcrt.dll
0x000007feff060000 - 0x000007feff07f000 	C:\Windows\SYSTEM32\sechost.dll
0x000007fefee30000 - 0x000007fefef5d000 	C:\Windows\system32\RPCRT4.dll
0x0000000076f80000 - 0x000000007707a000 	C:\Windows\system32\USER32.dll
0x000007fefd820000 - 0x000007fefd887000 	C:\Windows\system32\GDI32.dll
0x000007fefd5d0000 - 0x000007fefd5de000 	C:\Windows\system32\LPK.dll
0x000007fefd750000 - 0x000007fefd81b000 	C:\Windows\system32\USP10.dll
0x000007fefb5f0000 - 0x000007fefb7e4000 	C:\Windows\WinSxS\amd64_microsoft.windows.common-controls_6595b64144ccf1df_6.0.7601.18837_none_fa3b1e3d17594757\COMCTL32.dll
0x000007feff080000 - 0x000007feff0f1000 	C:\Windows\system32\SHLWAPI.dll
0x000007fefddb0000 - 0x000007fefddde000 	C:\Windows\system32\IMM32.DLL
0x000007fefd5e0000 - 0x000007fefd6e9000 	C:\Windows\system32\MSCTF.dll
0x000007fefce30000 - 0x000007fefce62000 	C:\Windows\system32\nvinitx.dll
0x000007fefce20000 - 0x000007fefce2c000 	C:\Windows\system32\VERSION.dll
0x0000000073750000 - 0x0000000073756000 	C:\Program Files\NVIDIA Corporation\CoProcManager\detoured.dll
0x000007fefa8c0000 - 0x000007fefa8f8000 	C:\Program Files\NVIDIA Corporation\CoProcManager\nvd3d9wrapx.dll
0x000007fefeb70000 - 0x000007fefed47000 	C:\Windows\system32\SETUPAPI.dll
0x000007fefd060000 - 0x000007fefd096000 	C:\Windows\system32\CFGMGR32.dll
0x000007fefef60000 - 0x000007feff03a000 	C:\Windows\system32\OLEAUT32.dll
0x000007fefdac0000 - 0x000007fefdcbc000 	C:\Windows\system32\ole32.dll
0x000007fefcf20000 - 0x000007fefcf3a000 	C:\Windows\system32\DEVOBJ.dll
0x000007fefa890000 - 0x000007fefa8b4000 	C:\Program Files\NVIDIA Corporation\CoProcManager\nvdxgiwrapx.dll
0x0000000079400000 - 0x00000000794d2000 	C:\Program Files\Java\jdk1.8.0_161\jre\bin\msvcr100.dll
0x00000000706e0000 - 0x0000000070f7f000 	C:\Program Files\Java\jdk1.8.0_161\jre\bin\server\jvm.dll
0x000007fefa650000 - 0x000007fefa659000 	C:\Windows\system32\WSOCK32.dll
0x000007fefdd60000 - 0x000007fefddad000 	C:\Windows\system32\WS2_32.dll
0x000007feff260000 - 0x000007feff268000 	C:\Windows\system32\NSI.dll
0x000007fefa940000 - 0x000007fefa97b000 	C:\Windows\system32\WINMM.dll
0x0000000077240000 - 0x0000000077247000 	C:\Windows\system32\PSAPI.DLL
0x00000000574e0000 - 0x00000000574ef000 	C:\Program Files\Java\jdk1.8.0_161\jre\bin\verify.dll
0x00000000574b0000 - 0x00000000574d9000 	C:\Program Files\Java\jdk1.8.0_161\jre\bin\java.dll
0x00000000572e0000 - 0x00000000572f6000 	C:\Program Files\Java\jdk1.8.0_161\jre\bin\zip.dll
0x000007fefdde0000 - 0x000007fefeb6b000 	C:\Windows\system32\SHELL32.dll
0x000007fefce70000 - 0x000007fefce7f000 	C:\Windows\system32\profapi.dll

VM Arguments:
jvm_args: -Djava.awt.headless=true -Xmx1024M -Dfile.encoding=GBK -Duser.country=CN -Duser.language=zh -Duser.variant 
java_command: com.android.dx.command.Main --dex --force-jumbo --num-threads=4 --multi-dex --output D:\Android-master\Android-master\Login\app\build\intermediates\transforms\dex\debug\folders\1000\10\com.android.support-appcompat-v7-23.4.0_3c9584462c0bacae6566dc28ad2e592ebccec303 D:\Android-master\Android-master\Login\app\build\intermediates\exploded-aar\com.android.support\appcompat-v7\23.4.0\jars\classes.jar
java_class_path (initial): C:\Users\Administrator\AppData\Local\Android\sdk\build-tools\27.0.3\lib\dx.jar
Launcher Type: SUN_STANDARD

Environment Variables:
JAVA_HOME=C:\Program Files (x86)\Java\jdk1.8.0_131
CLASSPATH=.;C:\Program Files (x86)\Java\jdk1.8.0_131\lib;C:\Program Files (x86)\Java\jdk1.8.0_131\lib\tools.jar
PATH=C:\ProgramData\Oracle\Java\javapath;D:\Android Studio S\bin;C:\Windows\system32;C:\Windows;C:\Windows\System32\Wbem;C:\Windows\System32\WindowsPowerShell\v1.0\;C:\Program Files\TortoiseSVN\bin;C:\strawberry\c\bin;C:\Python27;C:\strawberry\perl\bin;C:\Python27;C:\Python27\Scripts;JAVA_HOME;D:\Tools\Sublime Text 3.3126x64;C:\Program Files (x86)\Java\jdk1.8.0_131\bin;C:\Program Files (x86)\Java\jdk1.8.0_131;C:\Program Files\Git\cmd;C:\Program Files\TortoiseGit\bin;C:\Program Files\nodejs\;C:\Users\Administrator\AppData\Local\Programs\Fiddler;C:\Users\Administrator\AppData\Roaming\npm;C:\Python27;C:\Python27\Scripts;C:\Program Files\Mozilla Firefox;C:\Program Files (x86)\Google\Chrome\Application;D:\Android Studio S\bin;C:\Windows\system32;C:\Windows;C:\Windows\System32\Wbem;C:\Windows\System32\WindowsPowerShell\v1.0\;C:\Program Files\TortoiseSVN\bin;C:\strawberry\c\bin;C:\Python27;C:\strawberry\perl\bin;C:\Python27;C:\Python27\Scripts;JAVA_HOME;D:\Tools\Sublime Text 3.3126x64;C:\Program Files (x86)\Java\jdk1.8.0_131\bin;C:\Program Files (x86)\Java\jdk1.8.0_131;C:\Program Files\Git\cmd;C:\Program Files\TortoiseGit\bin;C:\Program Files\nodejs\;C:\Users\Administrator\AppData\Local\Programs\Fiddler;C:\Users\Administrator\AppData\Roaming\npm;C:\Python27;C:\Python27\Scripts;C:\Program Files\Mozilla Firefox;C:\Program Files (x86)\Google\Chrome\Application;
USERNAME=Administrator
OS=Windows_NT
PROCESSOR_IDENTIFIER=Intel64 Family 6 Model 69 Stepping 1, GenuineIntel



---------------  S Y S T E M  ---------------

OS: Windows 7 , 64 bit Build 7601 (6.1.7601.23864)

CPU:total 4 (initial active 4) (2 cores per cpu, 2 threads per core) family 6 model 69 stepping 1, cmov, cx8, fxsr, mmx, sse, sse2, sse3, ssse3, sse4.1, sse4.2, popcnt, avx, avx2, aes, clmul, erms, lzcnt, ht, tsc, tscinvbit, bmi1, bmi2

Memory: 4k page, physical 8290772k(778928k free), swap 10386064k(4880k free)

vm_info: Java HotSpot(TM) 64-Bit Server VM (25.161-b12) for windows-amd64 JRE (1.8.0_161-b12), built on Dec 19 2017 17:52:25 by "java_re" with MS VC++ 10.0 (VS2010)

time: Mon Mar 05 11:44:47 2018
elapsed time: 4 seconds (0d 0h 0m 4s)

