#
# There is insufficient memory for the Java Runtime Environment to continue.
# Native memory allocation (malloc) failed to allocate 412496 bytes for Chunk::new
# Possible reasons:
#   The system is out of physical RAM or swap space
#   In 32 bit mode, the process size limit was hit
# Possible solutions:
#   Reduce memory load on the system
#   Increase physical memory or swap space
#   Check if swap backing store is full
#   Use 64 bit Java on a 64 bit OS
#   Decrease Java heap size (-Xmx/-Xms)
#   Decrease number of Java threads
#   Decrease Java thread stack sizes (-Xss)
#   Set larger code cache with -XX:ReservedCodeCacheSize=
# This output file may be truncated or incomplete.
#
#  Out of Memory Error (allocation.cpp:390), pid=13052, tid=0x000000000000352c
#
# JRE version: Java(TM) SE Runtime Environment (8.0_161-b12) (build 1.8.0_161-b12)
# Java VM: Java HotSpot(TM) 64-Bit Server VM (25.161-b12 mixed mode windows-amd64 compressed oops)
# Failed to write core dump. Minidumps are not enabled by default on client versions of Windows
#

---------------  T H R E A D  ---------------

Current thread (0x000000005515f800):  JavaThread "C2 CompilerThread0" daemon [_thread_in_native, id=13612, stack(0x0000000056b80000,0x0000000056c80000)]

Stack: [0x0000000056b80000,0x0000000056c80000]
[error occurred during error reporting (printing stack bounds), id 0xc0000005]

Native frames: (J=compiled Java code, j=interpreted, Vv=VM code, C=native code)


Current CompileTask:
C2:   4006 1278       4       com.android.dx.dex.code.OutputFinisher::addConstants (134 bytes)


---------------  P R O C E S S  ---------------

Java Threads: ( => current thread )
  0x0000000056896800 JavaThread "pool-1-thread-1" [_thread_in_Java, id=15212, stack(0x00000000575b0000,0x00000000576b0000)]
  0x00000000564f7000 JavaThread "Service Thread" daemon [_thread_blocked, id=1792, stack(0x0000000056f70000,0x0000000057070000)]
  0x00000000564f1000 JavaThread "C1 CompilerThread2" daemon [_thread_blocked, id=8556, stack(0x0000000056c80000,0x0000000056d80000)]
  0x00000000564f0000 JavaThread "C2 CompilerThread1" daemon [_thread_blocked, id=15080, stack(0x0000000056d80000,0x0000000056e80000)]
=>0x000000005515f800 JavaThread "C2 CompilerThread0" daemon [_thread_in_native, id=13612, stack(0x0000000056b80000,0x0000000056c80000)]
  0x000000005515e000 JavaThread "Attach Listener" daemon [_thread_blocked, id=14316, stack(0x0000000056a70000,0x0000000056b70000)]
  0x0000000055150000 JavaThread "Signal Dispatcher" daemon [_thread_blocked, id=13996, stack(0x00000000568e0000,0x00000000569e0000)]
  0x000000005513b000 JavaThread "Finalizer" daemon [_thread_blocked, id=7284, stack(0x00000000563d0000,0x00000000564d0000)]
  0x00000000550f4000 JavaThread "Reference Handler" daemon [_thread_blocked, id=12052, stack(0x00000000562c0000,0x00000000563c0000)]
  0x00000000024d8000 JavaThread "main" [_thread_blocked, id=8196, stack(0x0000000002770000,0x0000000002870000)]

Other Threads:
  0x00000000550ec800 VMThread [stack: 0x00000000560b0000,0x00000000561b0000] [id=14960]
  0x00000000564fb000 WatcherThread [stack: 0x00000000570b0000,0x00000000571b0000] [id=14176]

VM state:not at safepoint (normal execution)

VM Mutex/Monitor currently owned by a thread: None

Heap:
 PSYoungGen      total 38400K, used 13112K [0x00000000eab00000, 0x00000000ed580000, 0x0000000100000000)
  eden space 33280K, 24% used [0x00000000eab00000,0x00000000eb2cfbd0,0x00000000ecb80000)
  from space 5120K, 99% used [0x00000000ecb80000,0x00000000ed07e768,0x00000000ed080000)
  to   space 5120K, 0% used [0x00000000ed080000,0x00000000ed080000,0x00000000ed580000)
 ParOldGen       total 87552K, used 1448K [0x00000000c0000000, 0x00000000c5580000, 0x00000000eab00000)
  object space 87552K, 1% used [0x00000000c0000000,0x00000000c016a208,0x00000000c5580000)
 Metaspace       used 6467K, capacity 7224K, committed 7424K, reserved 1056768K
  class space    used 647K, capacity 688K, committed 768K, reserved 1048576K

Card table byte_map: [0x0000000011c30000,0x0000000011e40000] byte_map_base: 0x0000000011630000

Marking Bits: (ParMarkBitMap*) 0x0000000070eff860
 Begin Bits: [0x0000000012560000, 0x0000000013560000)
 End Bits:   [0x0000000013560000, 0x0000000014560000)

Polling page: 0x0000000000230000

CodeCache: size=245760Kb used=5407Kb max_used=5416Kb free=240352Kb
 bounds [0x0000000002870000, 0x0000000002dc0000, 0x0000000011870000]
 total_blobs=1645 nmethods=1369 adapters=186
 compilation: disabled (not enough contiguous free space left)

Compilation events (10 events):
Event: 3.938 Thread 0x00000000564f1000 nmethod 1381 0x0000000002dbd990 code [0x0000000002dbdbe0, 0x0000000002dbede8]
Event: 3.938 Thread 0x00000000564f1000 1382       3       com.android.dx.dex.code.CstInsn::setIndex (37 bytes)
Event: 3.938 Thread 0x00000000564f0000 nmethod 1324 0x0000000002dbf0d0 code [0x0000000002dbf220, 0x0000000002dbf638]
Event: 3.938 Thread 0x00000000564f0000 1373       4       com.android.dx.rop.code.RegisterSpec::matchesVariable (68 bytes)
Event: 3.938 Thread 0x00000000564f1000 nmethod 1382 0x0000000002dbd350 code [0x0000000002dbd4e0, 0x0000000002dbd838]
Event: 3.938 Thread 0x00000000564f1000 1383       3       com.android.dx.dex.code.InsnFormat::unsignedFitsInShort (14 bytes)
Event: 3.938 Thread 0x00000000564f1000 nmethod 1383 0x0000000002dbcfd0 code [0x0000000002dbd120, 0x0000000002dbd2b0]
Event: 3.938 Thread 0x00000000564f1000 1385       3       com.android.dx.dex.code.StdCatchBuilder::handlersFor (216 bytes)
Event: 3.943 Thread 0x00000000564f1000 

Event: 3.943 Thread 0x00000000564f0000 


GC Heap History (2 events):
Event: 3.052 GC heap before
{Heap before GC invocations=1 (full 0):
 PSYoungGen      total 38400K, used 33280K [0x00000000eab00000, 0x00000000ed580000, 0x0000000100000000)
  eden space 33280K, 100% used [0x00000000eab00000,0x00000000ecb80000,0x00000000ecb80000)
  from space 5120K, 0% used [0x00000000ed080000,0x00000000ed080000,0x00000000ed580000)
  to   space 5120K, 0% used [0x00000000ecb80000,0x00000000ecb80000,0x00000000ed080000)
 ParOldGen       total 87552K, used 0K [0x00000000c0000000, 0x00000000c5580000, 0x00000000eab00000)
  object space 87552K, 0% used [0x00000000c0000000,0x00000000c0000000,0x00000000c5580000)
 Metaspace       used 6228K, capacity 7000K, committed 7168K, reserved 1056768K
  class space    used 630K, capacity 656K, committed 768K, reserved 1048576K
Event: 3.210 GC heap after
Heap after GC invocations=1 (full 0):
 PSYoungGen      total 38400K, used 5113K [0x00000000eab00000, 0x00000000ed580000, 0x0000000100000000)
  eden space 33280K, 0% used [0x00000000eab00000,0x00000000eab00000,0x00000000ecb80000)
  from space 5120K, 99% used [0x00000000ecb80000,0x00000000ed07e768,0x00000000ed080000)
  to   space 5120K, 0% used [0x00000000ed080000,0x00000000ed080000,0x00000000ed580000)
 ParOldGen       total 87552K, used 1448K [0x00000000c0000000, 0x00000000c5580000, 0x00000000eab00000)
  object space 87552K, 1% used [0x00000000c0000000,0x00000000c016a208,0x00000000c5580000)
 Metaspace       used 6228K, capacity 7000K, committed 7168K, reserved 1056768K
  class space    used 630K, capacity 656K, committed 768K, reserved 1048576K
}

Deoptimization events (10 events):
Event: 2.876 Thread 0x0000000056891800 Uncommon trap: reason=unstable_if action=reinterpret pc=0x0000000002b2d9b4 method=com.android.dx.rop.code.RegisterSpec.equals(ILcom/android/dx/rop/type/TypeBearer;Lcom/android/dx/rop/code/LocalItem;)Z @ 42
Event: 3.804 Thread 0x0000000056896800 Uncommon trap: reason=bimorphic action=maybe_recompile pc=0x0000000002d7b634 method=java.util.HashMap.putVal(ILjava/lang/Object;Ljava/lang/Object;ZZ)Ljava/lang/Object; @ 203
Event: 3.805 Thread 0x0000000056896800 Uncommon trap: reason=bimorphic action=maybe_recompile pc=0x0000000002d7b634 method=java.util.HashMap.putVal(ILjava/lang/Object;Ljava/lang/Object;ZZ)Ljava/lang/Object; @ 203
Event: 3.805 Thread 0x0000000056896800 Uncommon trap: reason=bimorphic action=maybe_recompile pc=0x0000000002d7b634 method=java.util.HashMap.putVal(ILjava/lang/Object;Ljava/lang/Object;ZZ)Ljava/lang/Object; @ 203
Event: 3.805 Thread 0x0000000056896800 Uncommon trap: reason=bimorphic action=maybe_recompile pc=0x0000000002d7b634 method=java.util.HashMap.putVal(ILjava/lang/Object;Ljava/lang/Object;ZZ)Ljava/lang/Object; @ 203
Event: 3.939 Thread 0x0000000056896800 Uncommon trap: reason=speculate_class_check action=maybe_recompile pc=0x0000000002c588e4 method=com.android.dx.util.FixedSizeList.equals(Ljava/lang/Object;)Z @ 25
Event: 3.939 Thread 0x0000000056896800 Uncommon trap: reason=unstable_if action=reinterpret pc=0x0000000002c43680 method=java.util.Arrays.equals([Ljava/lang/Object;[Ljava/lang/Object;)Z @ 23
Event: 3.942 Thread 0x0000000056896800 Uncommon trap: reason=speculate_class_check action=maybe_recompile pc=0x0000000002c588e4 method=com.android.dx.util.FixedSizeList.equals(Ljava/lang/Object;)Z @ 25
Event: 3.942 Thread 0x0000000056896800 Uncommon trap: reason=speculate_class_check action=maybe_recompile pc=0x0000000002c588e4 method=com.android.dx.util.FixedSizeList.equals(Ljava/lang/Object;)Z @ 25
Event: 3.943 Thread 0x0000000056896800 Uncommon trap: reason=speculate_class_check action=maybe_recompile pc=0x0000000002c588e4 method=com.android.dx.util.FixedSizeList.equals(Ljava/lang/Object;)Z @ 25

Classes redefined (0 events):
No events

Internal exceptions (3 events):
Event: 0.193 Thread 0x00000000024d8000 Exception <a 'java/lang/NoSuchMethodError': Method sun.misc.Unsafe.defineClass(Ljava/lang/String;[BII)Ljava/lang/Class; name or signature does not match> (0x00000000eab07ca0) thrown at [C:\re\workspace\8-2-build-windows-amd64-cygwin\jdk8u161\10277\hotspot
Event: 0.193 Thread 0x00000000024d8000 Exception <a 'java/lang/NoSuchMethodError': Method sun.misc.Unsafe.prefetchRead(Ljava/lang/Object;J)V name or signature does not match> (0x00000000eab07f88) thrown at [C:\re\workspace\8-2-build-windows-amd64-cygwin\jdk8u161\10277\hotspot\src\share\vm\prim
Event: 2.862 Thread 0x0000000056891800 Implicit null exception at 0x0000000002af7112 to 0x0000000002af720a

Events (10 events):
Event: 3.940 loading class com/android/dx/util/ByteArrayAnnotatedOutput done
Event: 3.942 Thread 0x0000000056896800 Uncommon trap: trap_request=0xffffff76 fr.pc=0x0000000002c588e4
Event: 3.942 Thread 0x0000000056896800 DEOPT PACKING pc=0x0000000002c588e4 sp=0x00000000576aebf0
Event: 3.942 Thread 0x0000000056896800 DEOPT UNPACKING pc=0x00000000028b583b sp=0x00000000576aebb0 mode 2
Event: 3.942 Thread 0x0000000056896800 Uncommon trap: trap_request=0xffffff76 fr.pc=0x0000000002c588e4
Event: 3.942 Thread 0x0000000056896800 DEOPT PACKING pc=0x0000000002c588e4 sp=0x00000000576aebf0
Event: 3.943 Thread 0x0000000056896800 DEOPT UNPACKING pc=0x00000000028b583b sp=0x00000000576aebb0 mode 2
Event: 3.943 Thread 0x0000000056896800 Uncommon trap: trap_request=0xffffff76 fr.pc=0x0000000002c588e4
Event: 3.943 Thread 0x0000000056896800 DEOPT PACKING pc=0x0000000002c588e4 sp=0x00000000576aebf0
Event: 3.943 Thread 0x0000000056896800 DEOPT UNPACKING pc=0x00000000028b583b sp=0x00000000576aebb0 mode 2


Dynamic libraries:
0x000000013f6a0000 - 0x000000013f6d7000 	C:\Program Files\Java\jdk1.8.0_161\bin\java.exe
0x0000000077080000 - 0x000000007722a000 	C:\Windows\SYSTEM32\ntdll.dll
0x0000000076e60000 - 0x0000000076f7f000 	C:\Windows\system32\kernel32.dll
0x000007fefcf40000 - 0x000007fefcfaa000 	C:\Windows\system32\KERNELBASE.dll
0x000007fefed50000 - 0x000007fefee2b000 	C:\Windows\system32\ADVAPI32.dll
0x000007fefdcc0000 - 0x000007fefdd5f000 	C:\Windows\system32\msvcrt.dll
0x000007feff060000 - 0x000007feff07f000 	C:\Windows\SYSTEM32\sechost.dll
0x000007fefee30000 - 0x000007fefef5d000 	C:\Windows\system32\RPCRT4.dll
0x0000000076f80000 - 0x000000007707a000 	C:\Windows\system32\USER32.dll
0x000007fefd820000 - 0x000007fefd887000 	C:\Windows\system32\GDI32.dll
0x000007fefd5d0000 - 0x000007fefd5de000 	C:\Windows\system32\LPK.dll
0x000007fefd750000 - 0x000007fefd81b000 	C:\Windows\system32\USP10.dll
0x000007fefb5f0000 - 0x000007fefb7e4000 	C:\Windows\WinSxS\amd64_microsoft.windows.common-controls_6595b64144ccf1df_6.0.7601.18837_none_fa3b1e3d17594757\COMCTL32.dll
0x000007feff080000 - 0x000007feff0f1000 	C:\Windows\system32\SHLWAPI.dll
0x000007fefddb0000 - 0x000007fefddde000 	C:\Windows\system32\IMM32.DLL
0x000007fefd5e0000 - 0x000007fefd6e9000 	C:\Windows\system32\MSCTF.dll
0x000007fefce30000 - 0x000007fefce62000 	C:\Windows\system32\nvinitx.dll
0x000007fefce20000 - 0x000007fefce2c000 	C:\Windows\system32\VERSION.dll
0x0000000073750000 - 0x0000000073756000 	C:\Program Files\NVIDIA Corporation\CoProcManager\detoured.dll
0x000007fefa8c0000 - 0x000007fefa8f8000 	C:\Program Files\NVIDIA Corporation\CoProcManager\nvd3d9wrapx.dll
0x000007fefeb70000 - 0x000007fefed47000 	C:\Windows\system32\SETUPAPI.dll
0x000007fefd060000 - 0x000007fefd096000 	C:\Windows\system32\CFGMGR32.dll
0x000007fefef60000 - 0x000007feff03a000 	C:\Windows\system32\OLEAUT32.dll
0x000007fefdac0000 - 0x000007fefdcbc000 	C:\Windows\system32\ole32.dll
0x000007fefcf20000 - 0x000007fefcf3a000 	C:\Windows\system32\DEVOBJ.dll
0x000007fefa890000 - 0x000007fefa8b4000 	C:\Program Files\NVIDIA Corporation\CoProcManager\nvdxgiwrapx.dll
0x0000000079400000 - 0x00000000794d2000 	C:\Program Files\Java\jdk1.8.0_161\jre\bin\msvcr100.dll
0x00000000706e0000 - 0x0000000070f7f000 	C:\Program Files\Java\jdk1.8.0_161\jre\bin\server\jvm.dll
0x000007fefa650000 - 0x000007fefa659000 	C:\Windows\system32\WSOCK32.dll
0x000007fefdd60000 - 0x000007fefddad000 	C:\Windows\system32\WS2_32.dll
0x000007feff260000 - 0x000007feff268000 	C:\Windows\system32\NSI.dll
0x000007fefa940000 - 0x000007fefa97b000 	C:\Windows\system32\WINMM.dll
0x0000000077240000 - 0x0000000077247000 	C:\Windows\system32\PSAPI.DLL
0x00000000574e0000 - 0x00000000574ef000 	C:\Program Files\Java\jdk1.8.0_161\jre\bin\verify.dll
0x00000000574b0000 - 0x00000000574d9000 	C:\Program Files\Java\jdk1.8.0_161\jre\bin\java.dll
0x00000000572e0000 - 0x00000000572f6000 	C:\Program Files\Java\jdk1.8.0_161\jre\bin\zip.dll
0x000007fefdde0000 - 0x000007fefeb6b000 	C:\Windows\system32\SHELL32.dll
0x000007fefce70000 - 0x000007fefce7f000 	C:\Windows\system32\profapi.dll

VM Arguments:
jvm_args: -Djava.awt.headless=true -Xmx1024M -Dfile.encoding=GBK -Duser.country=CN -Duser.language=zh -Duser.variant 
java_command: com.android.dx.command.Main --dex --force-jumbo --num-threads=4 --multi-dex --output D:\Android-master\Android-master\Login\app\build\intermediates\transforms\dex\debug\folders\1000\10\com.android.support-support-vector-drawable-23.4.0_6d4905d6b2f6a91fe6e56498a21a2389617064cb D:\Android-master\Android-master\Login\app\build\intermediates\exploded-aar\com.android.support\support-vector-drawable\23.4.0\jars\classes.jar
java_class_path (initial): C:\Users\Administrator\AppData\Local\Android\sdk\build-tools\27.0.3\lib\dx.jar
Launcher Type: SUN_STANDARD

Environment Variables:
JAVA_HOME=C:\Program Files (x86)\Java\jdk1.8.0_131
CLASSPATH=.;C:\Program Files (x86)\Java\jdk1.8.0_131\lib;C:\Program Files (x86)\Java\jdk1.8.0_131\lib\tools.jar
PATH=C:\ProgramData\Oracle\Java\javapath;D:\Android Studio S\bin;C:\Windows\system32;C:\Windows;C:\Windows\System32\Wbem;C:\Windows\System32\WindowsPowerShell\v1.0\;C:\Program Files\TortoiseSVN\bin;C:\strawberry\c\bin;C:\Python27;C:\strawberry\perl\bin;C:\Python27;C:\Python27\Scripts;JAVA_HOME;D:\Tools\Sublime Text 3.3126x64;C:\Program Files (x86)\Java\jdk1.8.0_131\bin;C:\Program Files (x86)\Java\jdk1.8.0_131;C:\Program Files\Git\cmd;C:\Program Files\TortoiseGit\bin;C:\Program Files\nodejs\;C:\Users\Administrator\AppData\Local\Programs\Fiddler;C:\Users\Administrator\AppData\Roaming\npm;C:\Python27;C:\Python27\Scripts;C:\Program Files\Mozilla Firefox;C:\Program Files (x86)\Google\Chrome\Application;D:\Android Studio S\bin;C:\Windows\system32;C:\Windows;C:\Windows\System32\Wbem;C:\Windows\System32\WindowsPowerShell\v1.0\;C:\Program Files\TortoiseSVN\bin;C:\strawberry\c\bin;C:\Python27;C:\strawberry\perl\bin;C:\Python27;C:\Python27\Scripts;JAVA_HOME;D:\Tools\Sublime Text 3.3126x64;C:\Program Files (x86)\Java\jdk1.8.0_131\bin;C:\Program Files (x86)\Java\jdk1.8.0_131;C:\Program Files\Git\cmd;C:\Program Files\TortoiseGit\bin;C:\Program Files\nodejs\;C:\Users\Administrator\AppData\Local\Programs\Fiddler;C:\Users\Administrator\AppData\Roaming\npm;C:\Python27;C:\Python27\Scripts;C:\Program Files\Mozilla Firefox;C:\Program Files (x86)\Google\Chrome\Application;
USERNAME=Administrator
OS=Windows_NT
PROCESSOR_IDENTIFIER=Intel64 Family 6 Model 69 Stepping 1, GenuineIntel



---------------  S Y S T E M  ---------------

OS: Windows 7 , 64 bit Build 7601 (6.1.7601.23864)

CPU:total 4 (initial active 4) (2 cores per cpu, 2 threads per core) family 6 model 69 stepping 1, cmov, cx8, fxsr, mmx, sse, sse2, sse3, ssse3, sse4.1, sse4.2, popcnt, avx, avx2, aes, clmul, erms, lzcnt, ht, tsc, tscinvbit, bmi1, bmi2

Memory: 4k page, physical 8290772k(778928k free), swap 10386064k(4880k free)

vm_info: Java HotSpot(TM) 64-Bit Server VM (25.161-b12) for windows-amd64 JRE (1.8.0_161-b12), built on Dec 19 2017 17:52:25 by "java_re" with MS VC++ 10.0 (VS2010)

time: Mon Mar 05 11:44:47 2018
elapsed time: 4 seconds (0d 0h 0m 4s)

